2025-10-07 15:29:45 - INFO - Создан отель: Grand Hotel
2025-10-07 15:29:45 - INFO - Добавлена комната 101 (Single), 5000₽, доступна
2025-10-07 15:29:45 - INFO - Добавлена комната 102 (Double), 8000₽, доступна
2025-10-07 15:29:45 - INFO - Добавлена комната 201 (Suite), 15000₽, доступна
2025-10-07 15:29:45 - INFO - Добавлена комната 202 (Single), 5200₽, доступна
2025-10-07 15:29:45 - INFO - Статистика по номерному фонду: {'total_rooms': 4, 'available_types': {'Single', 'Deluxe', 'Double', 'Suite'}, 'tax_rate': 0.18}
2025-10-07 15:29:46 - INFO - Обновлён список свободных номеров
2025-10-07 15:29:56 - INFO - Создан Guest: фыв фыв
2025-10-07 15:29:56 - INFO - Добавлен Гость фыв фыв, бронирований: 0
2025-10-07 15:29:56 - INFO - Бронирование создано: фыв фыв, Room 101, 2025-09-10 - 2025-09-12
2025-10-07 15:29:56 - INFO - Обновлён список свободных номеров
2025-10-07 16:38:13 - INFO - Создан отель: Grand Hotel
2025-10-07 16:38:13 - INFO - Добавлена комната 101 (Single), 5000.00₽, доступна
2025-10-07 16:38:13 - INFO - Добавлена комната 102 (Double), 8000.00₽, доступна
2025-10-07 16:38:13 - INFO - Добавлена комната 201 (Suite), 15000.00₽, доступна
2025-10-07 16:38:13 - INFO - Добавлена комната 202 (Single), 5200.00₽, доступна
2025-10-07 16:38:13 - INFO - Статистика по номерному фонду: {'total_rooms': 4, 'available_types': {'Single', 'Double', 'Deluxe', 'Suite'}, 'tax_rate': 0.18}
2025-10-07 16:38:13 - INFO - Создан Person (База): Alice Johnson
2025-10-07 16:38:13 - INFO - Создан Guest: Alice Johnson
2025-10-07 16:38:13 - INFO - Добавлен Гость Alice Johnson, бронирований: 0
2025-10-07 16:38:13 - INFO - Создан Person (База): Bob Ross
2025-10-07 16:38:13 - INFO - Создан Guest: Bob Ross
2025-10-07 16:38:13 - INFO - Добавлен Гость Bob Ross, бронирований: 0
2025-10-07 16:38:13 - INFO - 
--- Демонстрация Задания 1: Обработка исключений ---
2025-10-07 16:38:13 - INFO - Бронирование создано: Бронь: Alice Johnson / Room 101 / 2025-10-10 - 2025-10-12
2025-10-07 16:38:13 - INFO - Завершение попытки бронирования. Результат: Успех
2025-10-07 16:38:13 - ERROR - ❌ Номер недоступен: Номер 101 недоступен
2025-10-07 16:38:20 - INFO - Завершение попытки бронирования. Результат: Провал
2025-10-07 16:38:20 - ERROR - ❌ Ошибка данных гостя: Гость отсутствует или неверного типа
2025-10-07 16:38:32 - INFO - Завершение попытки бронирования. Результат: Провал
2025-10-07 16:38:32 - ERROR - ❌ Общая ошибка отеля: Комната отсутствует или неверного типа
2025-10-07 16:38:38 - INFO - Завершение попытки бронирования. Результат: Провал
2025-10-07 16:38:38 - INFO - 
--- Демонстрация Задания 2: Массивы объектов ---
2025-10-07 16:38:38 - INFO - Добавлена комната в 1D массив: 101
2025-10-07 16:38:38 - INFO - Добавлена комната в 1D массив: 201
2025-10-07 16:38:38 - INFO - 1D Массив (цены): [5000.0, 15000.0]
2025-10-07 16:38:38 - INFO - Добавлена комната 301 (Deluxe), 25000.00₽, доступна
2025-10-07 16:38:38 - INFO - Установлен 2D массив, размер: 2x2
2025-10-07 16:38:38 - INFO - Номер с максимальной ценой в 2D массиве: 301 (25000.0₽)
2025-10-07 16:38:38 - INFO - Успешно поймана ошибка: Двумерный список номеров пуст.
2025-10-07 16:38:38 - INFO - 
--- Демонстрация Заданий 3, 4, 5, 6: Наследование, Атрибуты, Конструктор, __str__/__repr__ ---
2025-10-07 16:38:38 - INFO - Нажмите кнопку 'Демо. Наследование/Защищ.' в GUI для подробной демонстрации.
2025-10-07 16:38:38 - INFO - Обновлён список свободных номеров
2025-10-07 16:38:49 - INFO - Создан Person (База): фыв фыв
2025-10-07 16:38:49 - INFO - Создан Guest: фыв фыв
2025-10-07 16:38:49 - INFO - Добавлен Гость фыв фыв, бронирований: 0
2025-10-07 16:38:49 - INFO - Бронирование создано: Бронь: фыв фыв / Room 201 / 2025-09-10 - 2025-09-12
2025-10-07 16:38:49 - INFO - Завершение попытки бронирования. Результат: Успех
2025-10-07 16:38:50 - INFO - Обновлён список свободных номеров
2025-10-07 16:38:50 - INFO - Создан Person (База): Peter Jackson
2025-10-07 16:38:50 - INFO - Создан Employee: Peter Jackson (Manager)
2025-10-07 16:38:50 - INFO - __str__ Employee: Сотрудник Jackson Peter (Manager), ЗП: 120000₽
2025-10-07 16:38:50 - INFO - __repr__ Employee: Employee('Peter', 'Jackson')
2025-10-07 16:38:50 - INFO - Доступ к защищенному атрибуту _salary из Employee: 120000₽
2025-10-07 16:38:50 - INFO - Доступ к защищенному атрибуту _salary из Employee: 120000₽
2025-10-07 16:58:19 - INFO - Создан отель: Grand Hotel
2025-10-07 16:58:19 - INFO - Добавлена комната 101 (Single), 5000.00₽, доступна
2025-10-07 16:58:19 - INFO - Добавлена комната 102 (Double), 8000.00₽, доступна
2025-10-07 16:58:19 - INFO - Добавлена комната 201 (Suite), 15000.00₽, доступна
2025-10-07 16:58:19 - INFO - Добавлена комната 202 (Single), 5200.00₽, доступна
2025-10-07 16:58:19 - INFO - Статистика по номерному фонду: {'total_rooms': 4, 'available_types': {'Double', 'Suite', 'Deluxe', 'Single'}, 'tax_rate': 0.18}
2025-10-07 16:58:19 - INFO - Создан Person (База): Alice Johnson
2025-10-07 16:58:19 - INFO - Создан гость: Alice Johnson
2025-10-07 16:58:19 - INFO - Добавлен Гость Alice Johnson, бронирований: 0
2025-10-07 16:58:19 - INFO - Создан Person (База): Bob Ross
2025-10-07 16:58:19 - INFO - Создан гость: Bob Ross
2025-10-07 16:58:19 - INFO - Добавлен Гость Bob Ross, бронирований: 0
2025-10-07 16:58:19 - INFO - 
--- Демонстрация Задания 1: Обработка исключений ---
2025-10-07 16:58:19 - INFO - Бронирование создано: Бронь: Alice Johnson / Room 101 / 2025-10-10 - 2025-10-12
2025-10-07 16:58:19 - INFO - Завершение попытки бронирования. Результат: Успех
2025-10-07 16:58:19 - ERROR - ❌ Номер недоступен: Номер 101 недоступен
2025-10-07 16:58:20 - INFO - Завершение попытки бронирования. Результат: Провал
2025-10-07 16:58:20 - ERROR - ❌ Ошибка данных гостя: Гость отсутствует или неверного типа
2025-10-07 16:58:21 - INFO - Завершение попытки бронирования. Результат: Провал
2025-10-07 16:58:21 - ERROR - ❌ Общая ошибка отеля: Комната отсутствует или неверного типа
2025-10-07 16:58:21 - INFO - Завершение попытки бронирования. Результат: Провал
2025-10-07 16:58:21 - INFO - 
--- Демонстрация Задания 2: Массивы объектов ---
2025-10-07 16:58:21 - INFO - Добавлена комната в 1D массив: 101
2025-10-07 16:58:21 - INFO - Добавлена комната в 1D массив: 201
2025-10-07 16:58:21 - INFO - 1D Массив (цены): [5000.0, 15000.0]
2025-10-07 16:58:21 - INFO - Добавлена комната 301 (Deluxe), 25000.00₽, доступна
2025-10-07 16:58:21 - INFO - Установлен 2D массив, размер: 2x2
2025-10-07 16:58:21 - INFO - Номер с максимальной ценой в 2D массиве: 301 (25000.0₽)
2025-10-07 16:58:21 - INFO - Успешно поймана ошибка: Двумерный список номеров пуст.
2025-10-07 16:58:21 - INFO - Обновлён список свободных номеров
2025-10-07 16:58:24 - INFO - Создан Person (База): Peter Jackson
2025-10-07 16:58:24 - INFO - Создан Employee: Peter Jackson (Manager)
2025-10-07 16:58:24 - INFO - __str__ Employee: Сотрудник Jackson Peter (Manager), ЗП: 120000₽
2025-10-07 16:58:24 - INFO - __repr__ Employee: Employee('Peter', 'Jackson')
2025-10-07 16:58:24 - INFO - Доступ к защищенному атрибуту _salary из Employee: 120000₽
2025-10-07 16:58:24 - INFO - Доступ к защищенному атрибуту _salary из Employee: 120000₽
2025-10-07 17:01:57 - INFO - Создан отель: Grand Hotel
2025-10-07 17:01:57 - INFO - Добавлена комната 101 (Single), 5000.00₽, доступна
2025-10-07 17:01:57 - INFO - Добавлена комната 102 (Double), 8000.00₽, доступна
2025-10-07 17:01:57 - INFO - Добавлена комната 201 (Suite), 15000.00₽, доступна
2025-10-07 17:01:57 - INFO - Добавлена комната 202 (Single), 5200.00₽, доступна
2025-10-07 17:01:57 - INFO - Статистика по номерному фонду: {'total_rooms': 4, 'available_types': {'Suite', 'Single', 'Double', 'Deluxe'}, 'tax_rate': 0.18}
2025-10-07 17:01:57 - INFO - Создан Person (База): Alice Johnson
2025-10-07 17:01:57 - INFO - Создан гость: Alice Johnson
2025-10-07 17:01:57 - INFO - Добавлен Гость Alice Johnson, бронирований: 0
2025-10-07 17:01:57 - INFO - Создан Person (База): Bob Ross
2025-10-07 17:01:57 - INFO - Создан гость: Bob Ross
2025-10-07 17:01:57 - INFO - Добавлен Гость Bob Ross, бронирований: 0
2025-10-07 17:01:57 - INFO - 
--- Демонстрация Задания 1: Обработка исключений ---
2025-10-07 17:01:57 - INFO - Бронирование создано: Бронь: Alice Johnson / Room 101 / 2025-10-10 - 2025-10-12
2025-10-07 17:01:57 - INFO - Завершение попытки бронирования. Результат: Успех
2025-10-07 17:01:57 - ERROR - ❌ Номер недоступен: Номер 101 недоступен
2025-10-07 17:01:58 - INFO - Завершение попытки бронирования. Результат: Провал
2025-10-07 17:01:58 - ERROR - ❌ Ошибка данных гостя: Гость отсутствует или неверного типа
2025-10-07 17:01:59 - INFO - Завершение попытки бронирования. Результат: Провал
2025-10-07 17:01:59 - ERROR - ❌ Общая ошибка отеля: Комната отсутствует или неверного типа
2025-10-07 17:01:59 - INFO - Завершение попытки бронирования. Результат: Провал
2025-10-07 17:01:59 - INFO - 
--- Демонстрация Задания 2: Массивы объектов ---
2025-10-07 17:01:59 - INFO - Добавлена комната в 1D массив: 101
2025-10-07 17:01:59 - INFO - Добавлена комната в 1D массив: 201
2025-10-07 17:01:59 - INFO - 1D Массив (цены): [5000.0, 15000.0]
2025-10-07 17:01:59 - INFO - Добавлена комната 301 (Deluxe), 25000.00₽, доступна
2025-10-07 17:01:59 - INFO - Установлен 2D массив, размер: 2x2
2025-10-07 17:01:59 - INFO - Номер с максимальной ценой в 2D массиве: 301 (25000.0₽)
2025-10-07 17:01:59 - INFO - Успешно поймана ошибка: Двумерный список номеров пуст.
2025-10-07 17:01:59 - INFO - Обновлён список свободных номеров
2025-10-07 17:02:04 - INFO - Создан Person (База): Peter Jackson
2025-10-07 17:02:04 - INFO - Создан Employee: Peter Jackson (Manager)
2025-10-07 17:02:04 - INFO - __str__ Employee: Сотрудник Jackson Peter (Manager), ЗП: 120000₽
2025-10-07 17:02:04 - INFO - __repr__ Employee: Employee('Peter', 'Jackson')
2025-10-07 17:02:04 - INFO - Доступ к защищенному атрибуту _salary из Employee: 120000₽
2025-10-07 17:02:04 - INFO - Доступ к защищенному атрибуту _salary из Employee: 120000₽
